SF:lib\views\pages\home_page.dart
DA:4,4
DA:6,4
DA:7,4
DA:14,1
DA:15,2
DA:16,1
DA:17,2
DA:18,1
DA:19,3
DA:20,3
DA:21,1
DA:25,4
DA:27,4
DA:28,4
DA:29,4
DA:31,4
DA:32,4
DA:34,4
DA:36,4
DA:37,4
DA:38,4
DA:41,4
DA:43,4
DA:50,4
DA:51,4
DA:53,4
DA:54,4
DA:57,4
DA:58,4
LF:29
LH:29
end_of_record
SF:lib\views\pages\login_page.dart
DA:8,2
DA:10,2
DA:11,2
DA:27,2
DA:29,4
DA:30,4
DA:31,2
DA:34,2
DA:36,2
DA:37,2
DA:38,2
DA:39,2
DA:40,2
DA:41,2
DA:42,2
DA:43,2
DA:44,2
DA:46,2
DA:48,2
DA:50,2
DA:51,2
DA:52,2
DA:53,2
DA:54,2
DA:55,2
DA:61,2
DA:63,2
DA:64,2
DA:65,2
DA:66,2
DA:67,2
DA:68,2
DA:74,2
DA:75,2
DA:76,1
DA:77,1
DA:79,6
DA:81,2
DA:82,2
DA:83,1
DA:84,1
DA:86,1
DA:87,1
DA:88,1
DA:93,2
DA:104,1
DA:105,4
DA:106,4
DA:107,1
DA:108,1
DA:109,1
DA:110,1
DA:111,1
DA:114,1
LF:54
LH:54
end_of_record
SF:lib\views\widget\hero_widget.dart
DA:4,4
DA:6,4
DA:8,4
DA:10,4
DA:11,4
DA:12,4
DA:13,4
DA:14,4
LF:8
LH:8
end_of_record
SF:lib\data\notifiers.dart
DA:3,12
DA:4,9
DA:5,0
LF:3
LH:2
end_of_record
SF:lib\views\pages\welcome_page.dart
DA:7,3
DA:9,3
DA:11,9
DA:13,3
DA:14,3
DA:15,3
DA:16,3
DA:20,3
DA:21,3
DA:22,3
DA:24,3
DA:26,3
DA:28,3
DA:29,3
DA:30,3
DA:32,3
DA:38,3
DA:39,3
DA:40,1
DA:41,1
DA:43,1
DA:44,1
DA:45,1
DA:50,3
DA:51,3
DA:53,3
DA:55,3
DA:56,3
DA:57,1
DA:58,1
DA:60,1
DA:61,1
DA:62,1
DA:67,3
LF:34
LH:34
end_of_record
SF:lib\views\pages\widget_tree.dart
DA:10,18
DA:13,3
DA:15,3
DA:16,3
DA:20,3
DA:22,3
DA:24,3
DA:25,3
DA:26,3
DA:27,3
DA:28,3
DA:29,1
DA:30,4
DA:32,1
DA:33,0
DA:35,0
DA:38,3
DA:39,3
DA:40,3
DA:41,3
DA:45,3
DA:46,3
DA:47,1
DA:48,1
DA:50,1
DA:51,1
DA:52,1
DA:57,3
DA:62,3
DA:63,3
DA:64,3
DA:65,3
DA:66,6
LF:33
LH:31
end_of_record
SF:lib\views\pages\profile_page.dart
DA:6,4
DA:8,1
DA:10,1
DA:11,1
DA:12,1
DA:13,1
DA:14,1
DA:15,1
DA:16,1
DA:17,1
DA:18,2
DA:19,1
DA:21,1
DA:22,1
DA:23,1
LF:15
LH:15
end_of_record
SF:lib\views\pages\settings_pages.dart
DA:5,4
DA:7,2
DA:8,2
DA:19,2
DA:21,2
DA:22,4
DA:23,2
DA:24,2
DA:26,2
DA:27,2
DA:29,2
DA:30,2
DA:32,2
DA:33,2
DA:34,2
DA:35,2
DA:36,1
DA:37,2
DA:38,1
DA:40,1
DA:41,1
DA:45,2
DA:47,2
DA:52,2
DA:53,2
DA:54,2
DA:55,2
DA:56,2
DA:58,2
DA:60,2
DA:62,2
DA:64,2
DA:66,2
DA:69,1
DA:70,2
DA:71,1
DA:76,2
DA:77,2
DA:78,2
DA:79,2
DA:80,2
DA:82,1
DA:83,2
DA:87,6
DA:88,2
DA:89,2
DA:90,2
DA:91,1
DA:92,2
DA:93,1
DA:98,2
DA:99,2
DA:100,2
DA:102,2
DA:103,1
DA:104,2
DA:105,1
DA:110,2
DA:111,2
DA:112,2
DA:113,1
DA:114,2
DA:115,1
DA:120,2
DA:121,2
DA:122,2
DA:123,2
DA:124,1
DA:125,2
DA:126,1
DA:131,2
DA:132,2
DA:135,2
DA:136,1
DA:137,2
DA:138,1
DA:148,2
DA:149,2
DA:150,2
DA:151,0
DA:154,2
DA:170,2
DA:172,2
DA:173,2
DA:174,0
DA:175,2
DA:179,2
DA:182,2
DA:183,2
DA:184,1
DA:185,1
DA:187,1
DA:188,1
DA:190,1
DA:191,1
DA:192,1
DA:193,1
DA:194,0
DA:195,0
DA:197,1
DA:204,2
DA:206,2
DA:207,2
DA:208,0
DA:209,2
DA:211,2
DA:212,2
DA:213,0
DA:214,2
DA:216,2
DA:217,2
DA:218,4
LF:112
LH:106
end_of_record
SF:lib\views\widget\navbar_widget.dart
DA:5,3
DA:8,3
DA:10,3
DA:11,3
DA:12,3
DA:13,3
DA:14,3
DA:15,6
DA:16,6
DA:18,0
DA:19,0
LF:11
LH:9
end_of_record
SF:lib\main.dart
DA:7,0
DA:8,0
DA:12,2
DA:14,1
DA:15,1
DA:19,1
DA:21,1
DA:22,1
DA:25,1
DA:26,1
DA:27,0
DA:28,0
DA:31,1
DA:33,1
DA:34,1
DA:35,1
DA:36,1
DA:37,1
DA:39,1
DA:40,1
DA:45,1
LF:21
LH:17
end_of_record
